<?xml version="1.0" encoding="UTF-8"?>
<!-- Generated by org.testng.reporters.JUnitReportReporter -->
<testsuite hostname="DESKTOP-EMKECK1" failures="0" tests="1" name="testScripts.LoginTest" time="11.011" errors="0" timestamp="2025-09-30T12:47:29 IST" skipped="0">
  <testcase classname="testScripts.LoginTest" name="verifyWheteherUserisAbleToLoginWithInvalidCredentials" time="11.011"/>
</testsuite> <!-- testScripts.LoginTest -->
