<?xml version="1.0" encoding="UTF-8"?>
<!-- Generated by org.testng.reporters.JUnitReportReporter -->
<testsuite hostname="DESKTOP-EMKECK1" failures="0" tests="1" name="seleniumBasics.TestNGAnnotation" time="0.015" errors="0" timestamp="2025-09-24T17:10:20 IST" skipped="0">
  <testcase classname="seleniumBasics.TestNGAnnotation" name="sampleTest" time="0.015"/>
</testsuite> <!-- seleniumBasics.TestNGAnnotation -->
