<?xml version="1.0" encoding="UTF-8"?>
<!-- Generated by org.testng.reporters.JUnitReportReporter -->
<testsuite hostname="DESKTOP-EMKECK1" failures="0" tests="1" name="testScripts.LoginTest" time="3.993" errors="0" timestamp="2025-09-26T21:11:21 IST" skipped="0">
  <testcase classname="testScripts.LoginTest" name="verifyWheterUserisAbleToLoginWithValidCredentials" time="3.993"/>
</testsuite> <!-- testScripts.LoginTest -->
