<?xml version="1.0" encoding="UTF-8"?>
<!-- Generated by org.testng.reporters.JUnitReportReporter -->
<testsuite hostname="DESKTOP-EMKECK1" failures="0" tests="1" name="testScripts.LoginTest" time="4.540" errors="0" timestamp="2025-09-26T15:59:09 IST" skipped="0">
  <testcase classname="testScripts.LoginTest" name="verifyWheteherUserisAbleToLoginWithInvalidCredentials" time="4.540"/>
</testsuite> <!-- testScripts.LoginTest -->
